<?xml version="1.0" encoding="UTF-8"?>
<!-- Generated by org.testng.reporters.JUnitXMLReporter -->
<testsuite ignored="0" hostname="yucelkahraman" failures="0" tests="24" name="Surefire test" time="59.438" errors="0" timestamp="2024-11-16T16:08:52 EST">
  <testcase classname="com.demo.TestCases.LoginTest" name="LoginWithValidCredentials" time="0.464"/>
  <testcase classname="com.demo.TestCases.LoginTest" name="LoginWithValidCredentials" time="0.547"/>
  <testcase classname="com.demo.TestCases.LoginTest" name="LoginWithValidCredentials" time="0.569"/>
  <testcase classname="com.demo.TestCases.LoginTest" name="LoginWithValidCredentials" time="0.48"/>
  <testcase classname="com.demo.TestCases.LoginTest" name="LoginWithValidCredentials" time="0.504"/>
  <testcase classname="com.demo.TestCases.LoginTest" name="LoginwithValidUsernameInvalidPassword" time="0.481"/>
  <testcase classname="com.demo.TestCases.LoginTest" name="LoginWitInvalidUsernameValidPassword" time="0.563"/>
  <testcase classname="com.demo.TestCases.LoginTest" name="LoginWitInvalidUsernameInValidPassword" time="0.483"/>
  <testcase classname="com.demo.TestCases.LoginTest" name="LoginWitNoCredentials" time="0.199"/>
  <testcase classname="com.demo.TestCases.RegisterTest" name="RegisterWithValidUsernameValidPassword" time="0.455"/>
  <testcase classname="com.demo.TestCases.RegisterTest" name="RegisterWithValidUsernameInvalidPassword" time="0.53"/>
  <testcase classname="com.demo.TestCases.RegisterTest" name="RegisterWithInValidUsernameValidPassword" time="0.471"/>
  <testcase classname="com.demo.TestCases.RegisterTest" name="RegisterWithNoCredentials" time="0.25"/>
  <testcase classname="com.demo.TestCases.SearchProductTest" name="NavigateDifferentPage" time="0.475"/>
  <testcase classname="com.demoBlaze1.LoginTest" name="LoginWithValidCredentials" time="0.671"/>
  <testcase classname="com.demoBlaze1.LoginTest" name="LoginwithValidUsernameInvalidPassword" time="0.652"/>
  <testcase classname="com.demoBlaze1.LoginTest" name="LoginWitInvalidUsernameValidPassword" time="0.638"/>
  <testcase classname="com.demoBlaze1.LoginTest" name="LoginWitInvalidUsernameInValidPassword" time="0.662"/>
  <testcase classname="com.demoBlaze1.LoginTest" name="LoginWitNoCredentials" time="0.244"/>
  <testcase classname="com.demoBlaze1.RegisterTest" name="RegisterWithValidUsernameValidPassword" time="0.697"/>
  <testcase classname="com.demoBlaze1.RegisterTest" name="RegisterWithValidUsernameInvalidPassword" time="0.698"/>
  <testcase classname="com.demoBlaze1.RegisterTest" name="RegisterWithInValidUsernameValidPassword" time="0.704"/>
  <testcase classname="com.demoBlaze1.RegisterTest" name="RegisterWithNoCredentials" time="0.237"/>
  <testcase classname="com.demoBlaze1.SearchProductTest" name="NavigateDifferentPage" time="3.553"/>
</testsuite> <!-- Surefire test -->
