<?xml version="1.0" encoding="UTF-8"?>
<!-- Generated by org.testng.reporters.JUnitXMLReporter -->
<testsuite ignored="0" hostname="yucelkahraman" failures="0" tests="5" name="Default test" time="13.167" errors="0" timestamp="2024-12-12T11:45:04 EST">
  <testcase classname="com.demoBlaze1.LoginTest" name="LoginWithValidCredentials" time="0.509"/>
  <testcase classname="com.demoBlaze1.LoginTest" name="LoginwithValidUsernameInvalidPassword" time="0.506"/>
  <testcase classname="com.demoBlaze1.LoginTest" name="LoginWitInvalidUsernameValidPassword" time="0.531"/>
  <testcase classname="com.demoBlaze1.LoginTest" name="LoginWitInvalidUsernameInValidPassword" time="0.55"/>
  <testcase classname="com.demoBlaze1.LoginTest" name="LoginWitNoCredentials" time="0.224"/>
</testsuite> <!-- Default test -->
