<?xml version="1.0" encoding="UTF-8"?>
<!-- Generated by org.testng.reporters.JUnitXMLReporter -->
<testsuite ignored="0" hostname="yucelkahraman" failures="0" tests="14" name="Test" time="23.978" errors="0" timestamp="2024-11-16T15:54:22 EST">
  <testcase classname="com.demo.TestCases.SearchProductTest" name="NavigateDifferentPage" time="1.118"/>
  <testcase classname="com.demo.TestCases.RegisterTest" name="RegisterWithValidUsernameValidPassword" time="0.812"/>
  <testcase classname="com.demo.TestCases.LoginTest" name="LoginWithValidCredentials" time="0.857"/>
  <testcase classname="com.demo.TestCases.RegisterTest" name="RegisterWithValidUsernameInvalidPassword" time="0.676"/>
  <testcase classname="com.demo.TestCases.LoginTest" name="LoginWithValidCredentials" time="0.599"/>
  <testcase classname="com.demo.TestCases.RegisterTest" name="RegisterWithInValidUsernameValidPassword" time="0.533"/>
  <testcase classname="com.demo.TestCases.LoginTest" name="LoginWithValidCredentials" time="0.664"/>
  <testcase classname="com.demo.TestCases.RegisterTest" name="RegisterWithNoCredentials" time="0.301"/>
  <testcase classname="com.demo.TestCases.LoginTest" name="LoginWithValidCredentials" time="0.396"/>
  <testcase classname="com.demo.TestCases.LoginTest" name="LoginWithValidCredentials" time="0.566"/>
  <testcase classname="com.demo.TestCases.LoginTest" name="LoginwithValidUsernameInvalidPassword" time="0.533"/>
  <testcase classname="com.demo.TestCases.LoginTest" name="LoginWitInvalidUsernameValidPassword" time="0.602"/>
  <testcase classname="com.demo.TestCases.LoginTest" name="LoginWitInvalidUsernameInValidPassword" time="0.637"/>
  <testcase classname="com.demo.TestCases.LoginTest" name="LoginWitNoCredentials" time="0.205"/>
</testsuite> <!-- Test -->
