<?xml version="1.0" encoding="UTF-8"?>
<!-- Generated by org.testng.reporters.JUnitXMLReporter -->
<testsuite ignored="0" hostname="yucelkahraman" failures="0" tests="14" name="Test" time="26.407" errors="0" timestamp="2024-11-26T10:48:34 EST">
  <testcase classname="com.demo.TestCases.SearchProductTest" name="NavigateDifferentPage" time="0.641"/>
  <testcase classname="com.demo.TestCases.LoginTest" name="LoginWithValidCredentials" time="0.695"/>
  <testcase classname="com.demo.TestCases.RegisterTest" name="RegisterWithValidUsernameValidPassword" time="0.642"/>
  <testcase classname="com.demo.TestCases.LoginTest" name="LoginWithValidCredentials" time="0.608"/>
  <testcase classname="com.demo.TestCases.RegisterTest" name="RegisterWithValidUsernameInvalidPassword" time="0.545"/>
  <testcase classname="com.demo.TestCases.LoginTest" name="LoginWithValidCredentials" time="0.687"/>
  <testcase classname="com.demo.TestCases.RegisterTest" name="RegisterWithInValidUsernameValidPassword" time="0.859"/>
  <testcase classname="com.demo.TestCases.LoginTest" name="LoginWithValidCredentials" time="0.653"/>
  <testcase classname="com.demo.TestCases.RegisterTest" name="RegisterWithNoCredentials" time="0.366"/>
  <testcase classname="com.demo.TestCases.LoginTest" name="LoginWithValidCredentials" time="0.56"/>
  <testcase classname="com.demo.TestCases.LoginTest" name="LoginwithValidUsernameInvalidPassword" time="0.459"/>
  <testcase classname="com.demo.TestCases.LoginTest" name="LoginWitInvalidUsernameValidPassword" time="0.459"/>
  <testcase classname="com.demo.TestCases.LoginTest" name="LoginWitInvalidUsernameInValidPassword" time="0.466"/>
  <testcase classname="com.demo.TestCases.LoginTest" name="LoginWitNoCredentials" time="0.294"/>
</testsuite> <!-- Test -->
