<?xml version="1.0" encoding="UTF-8"?>
<!-- Generated by org.testng.reporters.JUnitXMLReporter -->
<testsuite ignored="0" hostname="yucelkahraman" failures="0" tests="18" name="Test" time="41.085" errors="0" timestamp="2024-11-13T17:11:14 EST">
  <testcase classname="com.demo.TestCases.SearchProductTest" name="NavigateDifferentPage" time="3.413"/>
  <testcase classname="com.demo.TestCases.LoginTest" name="LoginWithValidCredentials" time="0.436"/>
  <testcase classname="com.demo.TestCases.LoginTest" name="LoginWithValidCredentials" time="0.516"/>
  <testcase classname="com.demo.TestCases.LoginTest" name="LoginWithValidCredentials" time="0.534"/>
  <testcase classname="com.demo.TestCases.LoginTest" name="LoginWithValidCredentials" time="0.453"/>
  <testcase classname="com.demo.TestCases.LoginTest" name="LoginWithValidCredentials" time="0.516"/>
  <testcase classname="com.demoBlaze1.RegisterTest" name="RegisterWithValidUsernameValidPassword" time="0.64"/>
  <testcase classname="com.demo.TestCases.RegisterTest" name="RegisterWithValidUsernameValidPassword" time="0.583"/>
  <testcase classname="com.demo.TestCases.LoginTest" name="LoginwithValidUsernameInvalidPassword" time="0.548"/>
  <testcase classname="com.demoBlaze1.RegisterTest" name="RegisterWithValidUsernameInvalidPassword" time="0.66"/>
  <testcase classname="com.demo.TestCases.RegisterTest" name="RegisterWithValidUsernameInvalidPassword" time="0.578"/>
  <testcase classname="com.demo.TestCases.LoginTest" name="LoginWitInvalidUsernameValidPassword" time="0.507"/>
  <testcase classname="com.demoBlaze1.RegisterTest" name="RegisterWithInValidUsernameValidPassword" time="0.63"/>
  <testcase classname="com.demo.TestCases.RegisterTest" name="RegisterWithInValidUsernameValidPassword" time="0.508"/>
  <testcase classname="com.demo.TestCases.LoginTest" name="LoginWitInvalidUsernameInValidPassword" time="0.513"/>
  <testcase classname="com.demoBlaze1.RegisterTest" name="RegisterWithNoCredentials" time="0.247"/>
  <testcase classname="com.demo.TestCases.RegisterTest" name="RegisterWithNoCredentials" time="0.251"/>
  <testcase classname="com.demo.TestCases.LoginTest" name="LoginWitNoCredentials" time="0.264"/>
</testsuite> <!-- Test -->
