<?xml version="1.0" encoding="UTF-8"?>
<testng-results ignored="0" total="5" passed="5" failed="0" skipped="0">
  <reporter-output>
  </reporter-output>
  <suite started-at="2024-12-12T11:44:51 EST" name="Default suite" finished-at="2024-12-12T11:45:04 EST" duration-ms="13167">
    <groups>
    </groups>
    <test started-at="2024-12-12T11:44:51 EST" name="Default test" finished-at="2024-12-12T11:45:04 EST" duration-ms="13167">
      <class name="com.demoBlaze1.LoginTest">
        <test-method is-config="true" signature="loginSetup()[pri:0, instance:com.demoBlaze1.LoginTest@43bc63a3]" started-at="2024-12-12T11:44:51 EST" name="loginSetup" finished-at="2024-12-12T11:44:55 EST" duration-ms="3638" status="PASS">
          <reporter-output>
          </reporter-output>
        </test-method> <!-- loginSetup -->
        <test-method signature="LoginWithValidCredentials()[pri:1, instance:com.demoBlaze1.LoginTest@43bc63a3]" started-at="2024-12-12T11:44:55 EST" name="LoginWithValidCredentials" finished-at="2024-12-12T11:44:55 EST" duration-ms="509" status="PASS">
          <reporter-output>
          </reporter-output>
        </test-method> <!-- LoginWithValidCredentials -->
        <test-method is-config="true" signature="TearDown()[pri:0, instance:com.demoBlaze1.LoginTest@43bc63a3]" started-at="2024-12-12T11:44:55 EST" name="TearDown" finished-at="2024-12-12T11:44:55 EST" duration-ms="159" status="PASS">
          <reporter-output>
          </reporter-output>
        </test-method> <!-- TearDown -->
        <test-method is-config="true" signature="loginSetup()[pri:0, instance:com.demoBlaze1.LoginTest@43bc63a3]" started-at="2024-12-12T11:44:55 EST" name="loginSetup" finished-at="2024-12-12T11:44:57 EST" duration-ms="1602" status="PASS">
          <reporter-output>
          </reporter-output>
        </test-method> <!-- loginSetup -->
        <test-method signature="LoginwithValidUsernameInvalidPassword()[pri:2, instance:com.demoBlaze1.LoginTest@43bc63a3]" started-at="2024-12-12T11:44:57 EST" name="LoginwithValidUsernameInvalidPassword" finished-at="2024-12-12T11:44:57 EST" duration-ms="506" status="PASS">
          <reporter-output>
          </reporter-output>
        </test-method> <!-- LoginwithValidUsernameInvalidPassword -->
        <test-method is-config="true" signature="TearDown()[pri:0, instance:com.demoBlaze1.LoginTest@43bc63a3]" started-at="2024-12-12T11:44:57 EST" name="TearDown" finished-at="2024-12-12T11:44:58 EST" duration-ms="160" status="PASS">
          <reporter-output>
          </reporter-output>
        </test-method> <!-- TearDown -->
        <test-method is-config="true" signature="loginSetup()[pri:0, instance:com.demoBlaze1.LoginTest@43bc63a3]" started-at="2024-12-12T11:44:58 EST" name="loginSetup" finished-at="2024-12-12T11:44:59 EST" duration-ms="1516" status="PASS">
          <reporter-output>
          </reporter-output>
        </test-method> <!-- loginSetup -->
        <test-method signature="LoginWitInvalidUsernameValidPassword()[pri:3, instance:com.demoBlaze1.LoginTest@43bc63a3]" started-at="2024-12-12T11:44:59 EST" name="LoginWitInvalidUsernameValidPassword" finished-at="2024-12-12T11:45:00 EST" duration-ms="531" status="PASS">
          <reporter-output>
          </reporter-output>
        </test-method> <!-- LoginWitInvalidUsernameValidPassword -->
        <test-method is-config="true" signature="TearDown()[pri:0, instance:com.demoBlaze1.LoginTest@43bc63a3]" started-at="2024-12-12T11:45:00 EST" name="TearDown" finished-at="2024-12-12T11:45:00 EST" duration-ms="164" status="PASS">
          <reporter-output>
          </reporter-output>
        </test-method> <!-- TearDown -->
        <test-method is-config="true" signature="loginSetup()[pri:0, instance:com.demoBlaze1.LoginTest@43bc63a3]" started-at="2024-12-12T11:45:00 EST" name="loginSetup" finished-at="2024-12-12T11:45:01 EST" duration-ms="1583" status="PASS">
          <reporter-output>
          </reporter-output>
        </test-method> <!-- loginSetup -->
        <test-method signature="LoginWitInvalidUsernameInValidPassword()[pri:4, instance:com.demoBlaze1.LoginTest@43bc63a3]" started-at="2024-12-12T11:45:01 EST" name="LoginWitInvalidUsernameInValidPassword" finished-at="2024-12-12T11:45:02 EST" duration-ms="550" status="PASS">
          <reporter-output>
          </reporter-output>
        </test-method> <!-- LoginWitInvalidUsernameInValidPassword -->
        <test-method is-config="true" signature="TearDown()[pri:0, instance:com.demoBlaze1.LoginTest@43bc63a3]" started-at="2024-12-12T11:45:02 EST" name="TearDown" finished-at="2024-12-12T11:45:02 EST" duration-ms="172" status="PASS">
          <reporter-output>
          </reporter-output>
        </test-method> <!-- TearDown -->
        <test-method is-config="true" signature="loginSetup()[pri:0, instance:com.demoBlaze1.LoginTest@43bc63a3]" started-at="2024-12-12T11:45:02 EST" name="loginSetup" finished-at="2024-12-12T11:45:04 EST" duration-ms="1631" status="PASS">
          <reporter-output>
          </reporter-output>
        </test-method> <!-- loginSetup -->
        <test-method signature="LoginWitNoCredentials()[pri:5, instance:com.demoBlaze1.LoginTest@43bc63a3]" started-at="2024-12-12T11:45:04 EST" name="LoginWitNoCredentials" finished-at="2024-12-12T11:45:04 EST" duration-ms="224" status="PASS">
          <reporter-output>
          </reporter-output>
        </test-method> <!-- LoginWitNoCredentials -->
        <test-method is-config="true" signature="TearDown()[pri:0, instance:com.demoBlaze1.LoginTest@43bc63a3]" started-at="2024-12-12T11:45:04 EST" name="TearDown" finished-at="2024-12-12T11:45:04 EST" duration-ms="167" status="PASS">
          <reporter-output>
          </reporter-output>
        </test-method> <!-- TearDown -->
      </class> <!-- com.demoBlaze1.LoginTest -->
    </test> <!-- Default test -->
  </suite> <!-- Default suite -->
</testng-results>
